<?xml version="1.0" encoding="UTF-8"?>
<testsuite xmlns:xsi="http://www.w3.org/2001/XMLSchema-instance" xsi:noNamespaceSchemaLocation="https://maven.apache.org/surefire/maven-surefire-plugin/xsd/surefire-test-report-3.0.xsd" version="3.0" name="com.university.finance.service.BankingServiceTest" time="0.006" tests="20" errors="0" skipped="0" failures="0">
  <properties>
[...]
</properties>
  <testcase name="testFindUserByUsername" classname="com.university.finance.service.BankingServiceTest" time="0.0"/>
  <testcase name="testAuthenticate" classname="com.university.finance.service.BankingServiceTest" time="0.0"/>
  <testcase name="testCreateDuplicateUser" classname="com.university.finance.service.BankingServiceTest" time="0.0"/>
  <testcase name="testCreateAccount" classname="com.university.finance.service.BankingServiceTest" time="0.0"/>
  <testcase name="testGetAllUsers" classname="com.university.finance.service.BankingServiceTest" time="0.0"/>
  <testcase name="testFindAccountsByUser" classname="com.university.finance.service.BankingServiceTest" time="0.0"/>
  <testcase name="testWithdraw" classname="com.university.finance.service.BankingServiceTest" time="0.001">
    <system-out><![CDATA[[AUDIT] [2026-01-03 18:24:17] TX_ID: 1792f25f-3ba5-415a-8f9a-07b9f4ca68bb | TYPE: Retrait | MONTANT: 300.00€ | COMPTE: ACC-4A55085A
[NOTIFICATION] 📧 Notification: Retrait de 300.00€ effectué sur votre compte ACC-4A55085A. Nouveau solde: 700.00€
]]></system-out>
  </testcase>
  <testcase name="testGetBalance" classname="com.university.finance.service.BankingServiceTest" time="0.0"/>
  <testcase name="testTransferNonexistentFromAccount" classname="com.university.finance.service.BankingServiceTest" time="0.0"/>
  <testcase name="testGetAllAccounts" classname="com.university.finance.service.BankingServiceTest" time="0.0"/>
  <testcase name="testCreateUser" classname="com.university.finance.service.BankingServiceTest" time="0.0"/>
  <testcase name="testGetTransactionHistory" classname="com.university.finance.service.BankingServiceTest" time="0.001">
    <system-out><![CDATA[[AUDIT] [2026-01-03 18:24:17] TX_ID: b547d06c-cbc7-455c-bb7a-985c7a25a3ea | TYPE: Dépôt | MONTANT: 100.00€ | COMPTE: ACC-AD46C356
[NOTIFICATION] 📧 Notification: Dépôt de 100.00€ effectué sur votre compte ACC-AD46C356. Nouveau solde: 1100.00€
[AUDIT] [2026-01-03 18:24:17] TX_ID: 6dfb7ded-d1d8-451f-b761-d685404a5bf6 | TYPE: Retrait | MONTANT: 50.00€ | COMPTE: ACC-AD46C356
[NOTIFICATION] 📧 Notification: Retrait de 50.00€ effectué sur votre compte ACC-AD46C356. Nouveau solde: 1050.00€
]]></system-out>
  </testcase>
  <testcase name="testFindUserById" classname="com.university.finance.service.BankingServiceTest" time="0.0"/>
  <testcase name="testUserCount" classname="com.university.finance.service.BankingServiceTest" time="0.0"/>
  <testcase name="testDeposit" classname="com.university.finance.service.BankingServiceTest" time="0.001">
    <system-out><![CDATA[[AUDIT] [2026-01-03 18:24:17] TX_ID: 2bd8d433-0a88-4b4c-9fcb-91aa1ef70193 | TYPE: Dépôt | MONTANT: 500.00€ | COMPTE: ACC-4A69C948
[NOTIFICATION] 📧 Notification: Dépôt de 500.00€ effectué sur votre compte ACC-4A69C948. Nouveau solde: 1500.00€
]]></system-out>
  </testcase>
  <testcase name="testGetBalanceNonexistentAccount" classname="com.university.finance.service.BankingServiceTest" time="0.0"/>
  <testcase name="testCreateUserWithAccount" classname="com.university.finance.service.BankingServiceTest" time="0.0"/>
  <testcase name="testTransfer" classname="com.university.finance.service.BankingServiceTest" time="0.001">
    <system-out><![CDATA[[AUDIT] [2026-01-03 18:24:17] TX_ID: d0e0f235-18c7-46cf-ab8d-a412987e134b | TYPE: Transfert | MONTANT: 300.00€ | DE: ACC-4DFAEF1C | VERS: ACC-81DA4634
[NOTIFICATION] 📧 Notification: Transfert de 300.00€ de ACC-4DFAEF1C vers ACC-81DA4634
]]></system-out>
  </testcase>
  <testcase name="testFindAccountById" classname="com.university.finance.service.BankingServiceTest" time="0.0"/>
  <testcase name="testAccountCount" classname="com.university.finance.service.BankingServiceTest" time="0.0"/>
</testsuite>