<?xml version="1.0" encoding="UTF-8"?>
<testsuite xmlns:xsi="http://www.w3.org/2001/XMLSchema-instance" xsi:noNamespaceSchemaLocation="https://maven.apache.org/surefire/maven-surefire-plugin/xsd/surefire-test-report-3.0.xsd" version="3.0" name="com.university.finance.pattern.factory.UserFactoryTest" time="0.002" tests="16" errors="0" skipped="0" failures="0">
  <properties>
[...]
</properties>
  <testcase name="testCreateUserShortPassword" classname="com.university.finance.pattern.factory.UserFactoryTest" time="0.0"/>
  <testcase name="testCreateUserWithId" classname="com.university.finance.pattern.factory.UserFactoryTest" time="0.0"/>
  <testcase name="testCreateUserInvalidEmail" classname="com.university.finance.pattern.factory.UserFactoryTest" time="0.0"/>
  <testcase name="testCreateUserEmptyUsername" classname="com.university.finance.pattern.factory.UserFactoryTest" time="0.0"/>
  <testcase name="testCreateUserNullEmail" classname="com.university.finance.pattern.factory.UserFactoryTest" time="0.0"/>
  <testcase name="testCreateUserValid" classname="com.university.finance.pattern.factory.UserFactoryTest" time="0.0"/>
  <testcase name="testCreateUserNullPassword" classname="com.university.finance.pattern.factory.UserFactoryTest" time="0.0"/>
  <testcase name="testCreateSimpleUser" classname="com.university.finance.pattern.factory.UserFactoryTest" time="0.0"/>
  <testcase name="testValidUsernameWithUnderscore" classname="com.university.finance.pattern.factory.UserFactoryTest" time="0.0"/>
  <testcase name="testCreateUserInvalidUsernameCharacters" classname="com.university.finance.pattern.factory.UserFactoryTest" time="0.0"/>
  <testcase name="testCreateUserEmptyPassword" classname="com.university.finance.pattern.factory.UserFactoryTest" time="0.0"/>
  <testcase name="testCreateUserWithNullId" classname="com.university.finance.pattern.factory.UserFactoryTest" time="0.0"/>
  <testcase name="testCreateUserShortUsername" classname="com.university.finance.pattern.factory.UserFactoryTest" time="0.0"/>
  <testcase name="testCreateUserWithEmptyId" classname="com.university.finance.pattern.factory.UserFactoryTest" time="0.0"/>
  <testcase name="testCreateUserUniqueIds" classname="com.university.finance.pattern.factory.UserFactoryTest" time="0.0"/>
  <testcase name="testCreateUserNullUsername" classname="com.university.finance.pattern.factory.UserFactoryTest" time="0.0"/>
</testsuite>